0 info it worked if it ends with ok
1 verbose cli [ '/usr/local/bin/node', '/usr/local/bin/npm', 'publish' ]
2 info using npm@2.14.7
3 info using node@v4.2.1
4 verbose publish [ '.' ]
5 silly cache add args [ '.', null ]
6 verbose cache add spec .
7 silly cache add parsed spec Result {
7 silly cache add   raw: '.',
7 silly cache add   scope: null,
7 silly cache add   name: null,
7 silly cache add   rawSpec: '.',
7 silly cache add   spec: '/Users/joncox/Projects/anarchoWizardModules/mapModule/npmmapspaces',
7 silly cache add   type: 'directory' }
8 verbose addLocalDirectory /Users/joncox/.npm/mapspaces/1.0.0/package.tgz not in flight; packing
9 verbose tar pack [ '/Users/joncox/.npm/mapspaces/1.0.0/package.tgz',
9 verbose tar pack   '/Users/joncox/Projects/anarchoWizardModules/mapModule/npmmapspaces' ]
10 verbose tarball /Users/joncox/.npm/mapspaces/1.0.0/package.tgz
11 verbose folder /Users/joncox/Projects/anarchoWizardModules/mapModule/npmmapspaces
12 info prepublish mapspaces@1.0.0
13 verbose addLocalTarball adding from inside cache /Users/joncox/.npm/mapspaces/1.0.0/package.tgz
14 silly cache afterAdd mapspaces@1.0.0
15 verbose afterAdd /Users/joncox/.npm/mapspaces/1.0.0/package/package.json not in flight; writing
16 verbose afterAdd /Users/joncox/.npm/mapspaces/1.0.0/package/package.json written
17 silly publish { name: 'mapspaces',
17 silly publish   version: '1.0.0',
17 silly publish   description: '',
17 silly publish   main: 'createMap.js',
17 silly publish   dependencies:
17 silly publish    { leaflet: '^0.7.7',
17 silly publish      level: '^1.3.0',
17 silly publish      leveldown: '^1.4.2',
17 silly publish      levelup: '^1.3.0' },
17 silly publish   devDependencies: {},
17 silly publish   scripts: { test: 'echo "Error: no test specified" && exit 1' },
17 silly publish   author: '',
17 silly publish   license: 'ISC',
17 silly publish   readme: '##Methods\n\n\n',
17 silly publish   readmeFilename: 'README.md',
17 silly publish   _id: 'mapspaces@1.0.0',
17 silly publish   _shasum: '24261c326e77a051b0b6ef340da2d2853d08ff36',
17 silly publish   _from: '.' }
18 verbose getPublishConfig undefined
19 silly mapToRegistry name mapspaces
20 silly mapToRegistry using default registry
21 silly mapToRegistry registry https://registry.npmjs.org/
22 silly mapToRegistry uri https://registry.npmjs.org/mapspaces
23 verbose publish registryBase https://registry.npmjs.org/
24 silly publish uploading /Users/joncox/.npm/mapspaces/1.0.0/package.tgz
25 verbose request uri https://registry.npmjs.org/mapspaces
26 verbose request sending authorization for write operation
27 info attempt registry request try #1 at 3:00:02 PM
28 verbose request using bearer token for auth
29 verbose request id 5b9a5adf6e075a99
30 http request PUT https://registry.npmjs.org/mapspaces
31 http 403 https://registry.npmjs.org/mapspaces
32 verbose headers { 'content-type': 'application/json',
32 verbose headers   'cache-control': 'max-age=60',
32 verbose headers   'content-length': '95',
32 verbose headers   'accept-ranges': 'bytes',
32 verbose headers   date: 'Wed, 25 Nov 2015 23:00:06 GMT',
32 verbose headers   via: '1.1 varnish',
32 verbose headers   connection: 'keep-alive',
32 verbose headers   'x-served-by': 'cache-lax1430-LAX',
32 verbose headers   'x-cache': 'MISS',
32 verbose headers   'x-cache-hits': '0',
32 verbose headers   'x-timer': 'S1448492404.013948,VS0,VE2028' }
33 verbose request invalidating /Users/joncox/.npm/registry.npmjs.org/mapspaces on PUT
34 error publish Failed PUT 403
35 verbose stack Error: "You cannot publish over the previously published version 1.0.0." : mapspaces
35 verbose stack     at makeError (/usr/local/lib/node_modules/npm/node_modules/npm-registry-client/lib/request.js:264:12)
35 verbose stack     at CachingRegistryClient.<anonymous> (/usr/local/lib/node_modules/npm/node_modules/npm-registry-client/lib/request.js:252:14)
35 verbose stack     at Request._callback (/usr/local/lib/node_modules/npm/node_modules/npm-registry-client/lib/request.js:172:14)
35 verbose stack     at Request.self.callback (/usr/local/lib/node_modules/npm/node_modules/request/request.js:198:22)
35 verbose stack     at emitTwo (events.js:87:13)
35 verbose stack     at Request.emit (events.js:172:7)
35 verbose stack     at Request.<anonymous> (/usr/local/lib/node_modules/npm/node_modules/request/request.js:1063:14)
35 verbose stack     at emitOne (events.js:82:20)
35 verbose stack     at Request.emit (events.js:169:7)
35 verbose stack     at IncomingMessage.<anonymous> (/usr/local/lib/node_modules/npm/node_modules/request/request.js:1009:12)
36 verbose statusCode 403
37 verbose pkgid mapspaces
38 verbose cwd /Users/joncox/Projects/anarchoWizardModules/mapModule/npmmapspaces
39 error Darwin 14.3.0
40 error argv "/usr/local/bin/node" "/usr/local/bin/npm" "publish"
41 error node v4.2.1
42 error npm  v2.14.7
43 error code E403
44 error "You cannot publish over the previously published version 1.0.0." : mapspaces
45 error If you need help, you may report this error at:
45 error     <https://github.com/npm/npm/issues>
46 verbose exit [ 1, true ]
